Unity Editor version:    2022.2.0b14 (0220fa099330)
Branch:                  2022.2/staging
Build type:              Release
Batch mode:              YES
macOS version:           Version 13.0.1 (Build 22A400)
Darwin version:          22.1.0
Architecture:            arm64
Running under Rosetta:   NO
Available memory:        16384 MB
Using pre-set license
Pro License: YES

COMMAND LINE ARGUMENTS:
/Applications/Unity/Hub/Editor/2022.2.0b14/Unity.app/Contents/MacOS/Unity
-adb2
-batchMode
-noUpm
-name
AssetImportWorker1
-projectPath
/Users/muyuli/Workspace/FeatureUnity
-logFile
Logs/AssetImportWorker1.log
-srvPort
50773
Successfully changed project path to: /Users/muyuli/Workspace/FeatureUnity
/Users/muyuli/Workspace/FeatureUnity
[UnityMemory] Configuration Parameters - Can be set up in boot.config
    "memorysetup-bucket-allocator-granularity=16"
    "memorysetup-bucket-allocator-bucket-count=8"
    "memorysetup-bucket-allocator-block-size=33554432"
    "memorysetup-bucket-allocator-block-count=8"
    "memorysetup-main-allocator-block-size=16777216"
    "memorysetup-thread-allocator-block-size=16777216"
    "memorysetup-gfx-main-allocator-block-size=16777216"
    "memorysetup-gfx-thread-allocator-block-size=16777216"
    "memorysetup-cache-allocator-block-size=4194304"
    "memorysetup-typetree-allocator-block-size=2097152"
    "memorysetup-profiler-bucket-allocator-granularity=16"
    "memorysetup-profiler-bucket-allocator-bucket-count=8"
    "memorysetup-profiler-bucket-allocator-block-size=33554432"
    "memorysetup-profiler-bucket-allocator-block-count=8"
    "memorysetup-profiler-allocator-block-size=16777216"
    "memorysetup-profiler-editor-allocator-block-size=1048576"
    "memorysetup-temp-allocator-size-main=16777216"
    "memorysetup-job-temp-allocator-block-size=2097152"
    "memorysetup-job-temp-allocator-block-size-background=1048576"
    "memorysetup-job-temp-allocator-reduction-small-platforms=262144"
    "memorysetup-temp-allocator-size-background-worker=32768"
    "memorysetup-temp-allocator-size-job-worker=262144"
    "memorysetup-temp-allocator-size-preload-manager=33554432"
    "memorysetup-temp-allocator-size-nav-mesh-worker=65536"
    "memorysetup-temp-allocator-size-audio-worker=65536"
    "memorysetup-temp-allocator-size-cloud-worker=32768"
    "memorysetup-temp-allocator-size-gi-baking-worker=262144"
    "memorysetup-temp-allocator-size-gfx=262144"
Refreshing native plugins compatible for Editor in 12.31 ms, found 2 plugins.
Preloading 0 native plugins for Editor in 0.00 ms.
Initialize engine version: 2022.2.0b14 (0220fa099330)
[Subsystems] Discovering subsystems at path /Applications/Unity/Hub/Editor/2022.2.0b14/Unity.app/Contents/Resources/UnitySubsystems
[Subsystems] Discovering subsystems at path /Users/muyuli/Workspace/FeatureUnity/Assets
GfxDevice: creating device client; threaded=0; jobified=0
 preferred device: Apple M2 (high power)
Metal devices available: 1
0: Apple M2 (high power)
Using device Apple M2 (high power)
Initializing Metal device caps: Apple M2
Initialize mono
Mono path[0] = '/Applications/Unity/Hub/Editor/2022.2.0b14/Unity.app/Contents/Managed'
Mono path[1] = '/Applications/Unity/Hub/Editor/2022.2.0b14/Unity.app/Contents/MonoBleedingEdge/lib/mono/unityjit-macos'
Mono config path = '/Applications/Unity/Hub/Editor/2022.2.0b14/Unity.app/Contents/MonoBleedingEdge/etc'
Using monoOptions --debugger-agent=transport=dt_socket,embedding=1,server=y,suspend=n,address=127.0.0.1:56034
Begin MonoManager ReloadAssembly
Registering precompiled unity dll's ...
Register platform support module: /Applications/Unity/Hub/Editor/2022.2.0b14/Unity.app/Contents/PlaybackEngines/MacStandaloneSupport/UnityEditor.OSXStandalone.Extensions.dll
Registered in 0.002223 seconds.
- Loaded All Assemblies, in  0.188 seconds
Native extension for OSXStandalone target not found
Mono: successfully reloaded assembly
- Finished resetting the current domain, in  0.114 seconds
Domain Reload Profiling: 301ms
	BeginReloadAssembly (58ms)
		ExecutionOrderSort (0ms)
		DisableScriptedObjects (0ms)
		BackupInstance (0ms)
		ReleaseScriptingObjects (0ms)
		CreateAndSetChildDomain (0ms)
	RebuildCommonClasses (18ms)
	RebuildNativeTypeToScriptingClass (7ms)
	initialDomainReloadingComplete (32ms)
	LoadAllAssembliesAndSetupDomain (73ms)
		LoadAssemblies (58ms)
		RebuildTransferFunctionScriptingTraits (0ms)
		AnalyzeDomain (71ms)
			TypeCache.Refresh (70ms)
				TypeCache.ScanAssembly (63ms)
			ScanForSourceGeneratedMonoScriptInfo (0ms)
			ResolveRequiredComponents (0ms)
	FinalizeReload (114ms)
		ReleaseScriptCaches (0ms)
		RebuildScriptCaches (0ms)
		SetupLoadedEditorAssemblies (84ms)
			LogAssemblyErrors (0ms)
			InitializePlatformSupportModulesInManaged (3ms)
			SetLoadedEditorAssemblies (3ms)
			RefreshPlugins (0ms)
			BeforeProcessingInitializeOnLoad (0ms)
			ProcessInitializeOnLoadAttributes (57ms)
			ProcessInitializeOnLoadMethodAttributes (20ms)
			AfterProcessingInitializeOnLoad (0ms)
			EditorAssembliesLoaded (0ms)
		ExecutionOrderSort2 (0ms)
		AwakeInstancesAfterBackupRestoration (0ms)
========================================================================
Worker process is ready to serve import requests
Registering precompiled user dll's ...
Registered in 0.001768 seconds.
Begin MonoManager ReloadAssembly
Symbol file LoadedFromMemory doesn't match image /Users/muyuli/Workspace/FeatureUnity/Library/PackageCache/com.unity.visualscripting@1.7.8/Editor/VisualScripting.Core/Dependencies/YamlDotNet/Unity.VisualScripting.YamlDotNet.dll
Symbol file LoadedFromMemory doesn't match image /Users/muyuli/Workspace/FeatureUnity/Library/PackageCache/com.unity.visualscripting@1.7.8/Editor/VisualScripting.Core/Dependencies/DotNetZip/Unity.VisualScripting.IonicZip.dll
- Loaded All Assemblies, in  0.363 seconds
Refreshing native plugins compatible for Editor in 1.15 ms, found 2 plugins.
Native extension for OSXStandalone target not found
Mono: successfully reloaded assembly
- Finished resetting the current domain, in  0.264 seconds
Domain Reload Profiling: 628ms
	BeginReloadAssembly (55ms)
		ExecutionOrderSort (0ms)
		DisableScriptedObjects (2ms)
		BackupInstance (0ms)
		ReleaseScriptingObjects (0ms)
		CreateAndSetChildDomain (11ms)
	RebuildCommonClasses (18ms)
	RebuildNativeTypeToScriptingClass (7ms)
	initialDomainReloadingComplete (23ms)
	LoadAllAssembliesAndSetupDomain (262ms)
		LoadAssemblies (55ms)
		RebuildTransferFunctionScriptingTraits (0ms)
		AnalyzeDomain (225ms)
			TypeCache.Refresh (144ms)
				TypeCache.ScanAssembly (135ms)
			ScanForSourceGeneratedMonoScriptInfo (76ms)
			ResolveRequiredComponents (6ms)
	FinalizeReload (265ms)
		ReleaseScriptCaches (0ms)
		RebuildScriptCaches (0ms)
		SetupLoadedEditorAssemblies (189ms)
			LogAssemblyErrors (0ms)
			InitializePlatformSupportModulesInManaged (2ms)
			SetLoadedEditorAssemblies (3ms)
			RefreshPlugins (0ms)
			BeforeProcessingInitializeOnLoad (31ms)
			ProcessInitializeOnLoadAttributes (119ms)
			ProcessInitializeOnLoadMethodAttributes (34ms)
			AfterProcessingInitializeOnLoad (1ms)
			EditorAssembliesLoaded (0ms)
		ExecutionOrderSort2 (0ms)
		AwakeInstancesAfterBackupRestoration (2ms)
Launching external process: /Applications/Unity/Hub/Editor/2022.2.0b14/Unity.app/Contents/Tools/UnityShaderCompiler
Launched and connected shader compiler UnityShaderCompiler after 0.05 seconds
Refreshing native plugins compatible for Editor in 1.23 ms, found 2 plugins.
Preloading 0 native plugins for Editor in 0.00 ms.
Unloading 5184 Unused Serialized files (Serialized files now loaded: 0)
Unloading 32 unused Assets / (368.2 KB). Loaded Objects now: 5640.
Memory consumption went from 0.81 GB to 0.81 GB.
Total: 3.200250 ms (FindLiveObjects: 0.236708 ms CreateObjectMapping: 0.104834 ms MarkObjects: 2.689916 ms  DeleteObjects: 0.168000 ms)

AssetImportParameters requested are different than current active one (requested -> active):
  custom:container-demuxer-ogg: 62fdf1f143b41e24485cea50d1cbac27 -> 
  custom:video-decoder-ogg-theora: a1e56fd34408186e4bbccfd4996cb3dc -> 
  custom:container-demuxer-webm: 4f35f7cbe854078d1ac9338744f61a02 -> 
  custom:container-muxer-webm: aa71ff27fc2769a1b78a27578f13a17b -> 
  custom:video-decoder-webm-vp8: 9c59270c3fd7afecdb556c50c9e8de78 -> 
  custom:AudioImporter_EditorPlatform: 3918e3fc78b5a79bad01e8451be0beb8 -> 
  custom:framework-osx-AVFoundation: e770b220cccbd017edd2c1fefb359320 -> 
  custom:video-encoder-webm-vp8: eb34c28f22e8b96e1ab97ce403110664 -> 
  custom:audio-decoder-ogg-vorbis: bf7c407c2cedff20999df2af8eb42d56 -> 
  custom:audio-encoder-webm-vorbis: bf7c407c2cedff20999df2af8eb42d56 -> 
========================================================================
Received Import Request.
  Time since last request: 3627.211330 seconds.
  path: Assets/UniversalRenderPipelineGlobalSettings.asset
  artifactKey: Guid(18dc0cd2c080841dea60987a38ce93fa) Importer(815301076,1909f56bfc062723c751e8b465ee728b)
Number of updated assets reloaded before import = 0
Start importing Assets/UniversalRenderPipelineGlobalSettings.asset using Guid(18dc0cd2c080841dea60987a38ce93fa) Importer(815301076,1909f56bfc062723c751e8b465ee728b)  -> (artifact id: 'c8a58018b668b55ca72eaf469a5c6140') in 0.068363 seconds 
Number of asset objects unloaded after import = 1
========================================================================
Received Prepare
Registering precompiled user dll's ...
Registered in 0.001575 seconds.
Begin MonoManager ReloadAssembly
Thread 0x2ab787000 may have been prematurely finalized
Symbol file LoadedFromMemory doesn't match image /Users/muyuli/Workspace/FeatureUnity/Library/PackageCache/com.unity.visualscripting@1.7.8/Editor/VisualScripting.Core/Dependencies/YamlDotNet/Unity.VisualScripting.YamlDotNet.dll
Symbol file LoadedFromMemory doesn't match image /Users/muyuli/Workspace/FeatureUnity/Library/PackageCache/com.unity.visualscripting@1.7.8/Editor/VisualScripting.Core/Dependencies/DotNetZip/Unity.VisualScripting.IonicZip.dll
- Loaded All Assemblies, in  0.285 seconds
Refreshing native plugins compatible for Editor in 1.19 ms, found 2 plugins.
Native extension for OSXStandalone target not found
Mono: successfully reloaded assembly
- Finished resetting the current domain, in  0.716 seconds
Domain Reload Profiling: 1000ms
	BeginReloadAssembly (102ms)
		ExecutionOrderSort (0ms)
		DisableScriptedObjects (7ms)
		BackupInstance (0ms)
		ReleaseScriptingObjects (0ms)
		CreateAndSetChildDomain (44ms)
	RebuildCommonClasses (19ms)
	RebuildNativeTypeToScriptingClass (7ms)
	initialDomainReloadingComplete (15ms)
	LoadAllAssembliesAndSetupDomain (142ms)
		LoadAssemblies (39ms)
		RebuildTransferFunctionScriptingTraits (0ms)
		AnalyzeDomain (127ms)
			TypeCache.Refresh (1ms)
				TypeCache.ScanAssembly (0ms)
			ScanForSourceGeneratedMonoScriptInfo (119ms)
			ResolveRequiredComponents (7ms)
	FinalizeReload (716ms)
		ReleaseScriptCaches (0ms)
		RebuildScriptCaches (0ms)
		SetupLoadedEditorAssemblies (198ms)
			LogAssemblyErrors (0ms)
			InitializePlatformSupportModulesInManaged (5ms)
			SetLoadedEditorAssemblies (3ms)
			RefreshPlugins (0ms)
			BeforeProcessingInitializeOnLoad (34ms)
			ProcessInitializeOnLoadAttributes (120ms)
			ProcessInitializeOnLoadMethodAttributes (34ms)
			AfterProcessingInitializeOnLoad (1ms)
			EditorAssembliesLoaded (0ms)
		ExecutionOrderSort2 (0ms)
		AwakeInstancesAfterBackupRestoration (8ms)
Refreshing native plugins compatible for Editor in 1.20 ms, found 2 plugins.
Preloading 0 native plugins for Editor in 0.00 ms.
Unloading 5158 Unused Serialized files (Serialized files now loaded: 0)
Unloading 29 unused Assets / (385.0 KB). Loaded Objects now: 5762.
Memory consumption went from 0.88 GB to 0.88 GB.
Total: 2.793084 ms (FindLiveObjects: 0.201625 ms CreateObjectMapping: 0.139583 ms MarkObjects: 2.304625 ms  DeleteObjects: 0.146875 ms)

AssetImportParameters requested are different than current active one (requested -> active):
  custom:scripting/monoscript/filePath//Library/PackageCache/com.unity.animation.rigging@1.2.0/Editor/AnimationRig/Constraints/TwistCorrectionEditor.cs: 7463cf5df88b048f71c8c6201672a5d5 -> 
  custom:scripting/monoscript/filePath//Library/PackageCache/com.unity.animation.rigging@1.2.0/Runtime/AnimationJobs/MultiRotationConstraintJob.cs: 4892cdb5203acc5f85d381d1149848f5 -> 
  custom:scripting/monoscript/filePath//Library/PackageCache/com.unity.animation.rigging@1.2.0/Editor/InverseSolve/AnimationJobs/TwistChainInverseConstraintJob.cs: eca42fc55f301dea140c185c8cfd9abf -> 
  custom:scripting/monoscript/filePath//Library/PackageCache/com.unity.animation.rigging@1.2.0/Runtime/Attributes/SyncSceneToStreamAttribute.cs: c0e1d6940744b58b9a33b8d78f264a67 -> 
  custom:scripting/monoscript/filePath//Library/PackageCache/com.unity.animation.rigging@1.2.0/Runtime/AnimationJobs/TwoBoneIKConstraintJob.cs: 7071c6925602f7341047b2e3e75fe44c -> 
  custom:scripting/monoscript/filePath//Library/PackageCache/com.unity.animation.rigging@1.2.0/Editor/Effectors/IRigEffectorOverlay.cs: 94e2d94978e81ca4c2ffab598ea01c89 -> 
  custom:scripting/monoscript/filePath//Library/PackageCache/com.unity.animation.rigging@1.2.0/Runtime/AnimationJobs/IAnimatableProperty.cs: 2d55a7eb1f96e62a737c5e7e09f6ebb4 -> 
  custom:container-demuxer-ogg: 62fdf1f143b41e24485cea50d1cbac27 -> 
  custom:scripting/monoscript/filePath//Library/PackageCache/com.unity.animation.rigging@1.2.0/Editor/InverseSolve/Constraints/MultiPositionInverseConstraint.cs: 42bf5df71705c02c369b87092141ac46 -> 
  custom:scripting/monoscript/filePath//Library/PackageCache/com.unity.animation.rigging@1.2.0/Runtime/AnimationRig/IRigLayer.cs: ac595941999004492593dc6bcd0d3d9f -> 
  custom:scripting/monoscript/filePath//Library/PackageCache/com.unity.animation.rigging@1.2.0/Editor/Utils/BoneRendererUtils.cs: e9554f5eef6a405d4620139e922988c2 -> 
  custom:scripting/monoscript/filePath//Library/PackageCache/com.unity.animation.rigging@1.2.0/Editor/Effectors/RigEffectorWizard.cs: fb573e038815d82adcab7e2c98b9eadc -> 
  custom:scripting/monoscript/filePath//Library/PackageCache/com.unity.animation.rigging@1.2.0/Runtime/AnimationRig/OverrideRigConstraint.cs: 84bb306cbf511661a4448f64bcc796a6 -> 
  custom:scripting/monoscript/filePath//Library/PackageCache/com.unity.animation.rigging@1.2.0/Runtime/AnimationRig/Constraints/MultiRotationConstraint.cs: 4fcd0fd9770efcccc5f6c8e091f9cce4 -> 
  custom:scripting/monoscript/filePath//Library/PackageCache/com.unity.animation.rigging@1.2.0/Runtime/AnimationJobs/IAnimationJobData.cs: 580dd6d5c848437c06654b52687029e2 -> 
  custom:scripting/monoscript/filePath//Library/PackageCache/com.unity.animation.rigging@1.2.0/Runtime/Effectors/IRigEffectorHolder.cs: 30d36831504d1a76da48c5bf48275153 -> 
  custom:scripting/monoscript/filePath//Library/PackageCache/com.unity.animation.rigging@1.2.0/Runtime/Utils/AnimationRuntimeUtils.cs: 6aac5c81e5303a87e314eb41d33757cb -> 
  custom:scripting/monoscript/filePath//Library/PackageCache/com.unity.animation.rigging@1.2.0/Runtime/AnimationJobs/ChainIKConstraintJob.cs: d8a3e81e7e49877c3dc3686a27610ee9 -> 
  custom:scripting/monoscript/filePath//Library/PackageCache/com.unity.animation.rigging@1.2.0/Runtime/AnimationRig/Constraints/MultiPositionConstraint.cs: bb93caa2a503bf35848b855eb8c5ac23 -> 
  custom:scripting/monoscript/filePath//Library/PackageCache/com.unity.animation.rigging@1.2.0/Runtime/AnimationJobs/WeightedTransformArrayBinder.cs: f2e7caf9414ee23f44573af8b6f4ea3c -> 
  custom:video-decoder-ogg-theora: a1e56fd34408186e4bbccfd4996cb3dc -> 
  custom:scripting/monoscript/filePath//Library/PackageCache/com.unity.animation.rigging@1.2.0/Editor/InverseSolve/Constraints/MultiReferentialInverseConstraint.cs: e80a38a8cf7c7100a770715dfdc6b0e3 -> 
  custom:scripting/monoscript/filePath//Library/PackageCache/com.unity.animation.rigging@1.2.0/Editor/InverseSolve/Constraints/TwistChainInverseConstraint.cs: 07e494a5bb7370efcf58816ee92e66c6 -> 
  custom:scripting/monoscript/filePath//Library/PackageCache/com.unity.animation.rigging@1.2.0/Runtime/AnimationRig/RigBuilder.cs: 794627474e6eb4d6dfd5d5949abb5f1a -> 
  custom:scripting/monoscript/filePath//Library/PackageCache/com.unity.animation.rigging@1.2.0/Runtime/Utils/QuaternionExt.cs: af8ecc2a8d7ae1034e38627ef724b95f -> 
  custom:scripting/precompiled-assembly-types:Unity.Animation.Rigging.DocCodeExamples: 4d144fbef6ff21b79e5fdb0f4e49e17d -> 
  custom:scripting/monoscript/filePath//Library/PackageCache/com.unity.animation.rigging@1.2.0/Runtime/AnimationJobs/MultiParentConstraintJob.cs: 9c789ec4211c26efda882036d4be9161 -> 
  custom:scripting/monoscript/filePath//Library/PackageCache/com.unity.animation.rigging@1.2.0/Runtime/AnimationRig/RigConstraint.cs: 39f26fac2c6a6be80891f9f1da862107 -> 
  custom:scripting/monoscript/filePath//Library/PackageCache/com.unity.animation.rigging@1.2.0/Editor/Utils/EditorHelpers.cs: fe23a57478237444b2eac7010e65d0b0 -> 
  custom:scripting/monoscript/filePath//Library/PackageCache/com.unity.animation.rigging@1.2.0/Editor/Utils/BoneRendererEditor.cs: ec15f4360092c64e9625458433e4db5a -> 
  custom:scripting/monoscript/filePath//Library/PackageCache/com.unity.animation.rigging@1.2.0/Editor/InverseSolve/AnimationJobs/MultiAimInverseConstraintJob.cs: 1ef6a6d4892255fce7cd4b6446624919 -> 
  custom:scripting/monoscript/filePath//Library/PackageCache/com.unity.animation.rigging@1.2.0/Editor/Attributes/InverseRigConstraintAttribute.cs: f19dfcee963090d262674cd0f5308a07 -> 
  custom:scripting/monoscript/filePath//Library/PackageCache/com.unity.animation.rigging@1.2.0/Runtime/AnimationJobs/MultiAimConstraintJob.cs: 71b4ae871c19bcb1aff7286bb444219d -> 
  custom:scripting/monoscript/filePath//Library/PackageCache/com.unity.animation.rigging@1.2.0/Editor/InverseSolve/AnimationJobs/MultiPositionInverseConstraintJob.cs: 497974373f4d93f4032e5d61b356cf44 -> 
  custom:scripting/monoscript/filePath//Library/PackageCache/com.unity.animation.rigging@1.2.0/Runtime/AnimationRig/Rig.cs: 9c26e30c125234df4097cf7e4c3eee3f -> 
  custom:scripting/monoscript/filePath//Library/PackageCache/com.unity.animation.rigging@1.2.0/Editor/AnimationRig/Constraints/MultiParentConstraintEditor.cs: b36c6d523c6cb395d11176765703787e -> 
  custom:scripting/monoscript/filePath//Library/PackageCache/com.unity.animation.rigging@1.2.0/Editor/InverseSolve/AnimationJobs/MultiRotationInverseConstraintJob.cs: d5c6e63c958d5340fda3c05f561d722a -> 
  custom:scripting/monoscript/filePath//Library/PackageCache/com.unity.animation.rigging@1.2.0/Editor/Utils/ExpandChildrenDrawer.cs: 8add63fbc0965d9cd641d73c94a81076 -> 
  custom:scripting/monoscript/filePath//Library/PackageCache/com.unity.animation.rigging@1.2.0/Runtime/AnimationRig/Constraints/TwistChainConstraint.cs: 99e4927b180be80c18a4afa862ca7309 -> 
  custom:scripting/monoscript/filePath//Library/PackageCache/com.unity.animation.rigging@1.2.0/Editor/AnimationRig/Constraints/MultiReferentialConstraintEditor.cs: 3d69b2a59d778aaad6b03e1cd60593e1 -> 
  custom:scripting/monoscript/filePath//Library/PackageCache/com.unity.animation.rigging@1.2.0/Runtime/Utils/AffineTransform.cs: f1e9e2f860aedc7731d251c9e4cfb8f6 -> 
  custom:container-demuxer-webm: 4f35f7cbe854078d1ac9338744f61a02 -> 
  custom:scripting/monoscript/filePath//Library/PackageCache/com.unity.animation.rigging@1.2.0/Editor/Effectors/RigEffectorOverlay.cs: ab61deca634ab41a90f42a849034e294 -> 
  custom:scripting/monoscript/filePath//Library/PackageCache/com.unity.animation.rigging@1.2.0/Runtime/AnimationRig/RigLayer.cs: c22e7652bcca00c2a1b8a65b3a733c8d -> 
  custom:scripting/monoscript/filePath//Library/PackageCache/com.unity.animation.rigging@1.2.0/Editor/InverseSolve/AnimationJobs/MultiParentInverseConstraintJob.cs: fc25512c1af03030b362d5ae934490a4 -> 
  custom:scripting/monoscript/filePath//Library/PackageCache/com.unity.animation.rigging@1.2.0/Runtime/Effectors/RigEffectorData.cs: 4ffb2931959350a3f5cc29ec5c60f8ce -> 
  custom:scripting/monoscript/filePath//Library/PackageCache/com.unity.animation.rigging@1.2.0/Runtime/AnimationJobs/MultiPositionConstraintJob.cs: 5052af60070b482df4304bba2414e64d -> 
  custom:scripting/monoscript/filePath//Library/PackageCache/com.unity.animation.rigging@1.2.0/Runtime/AnimationRig/OverrideRigLayer.cs: f1f25a37edd31551af34d38e06a731d8 -> 
  custom:scripting/monoscript/filePath//Library/PackageCache/com.unity.animation.rigging@1.2.0/Editor/InverseSolve/AnimationJobs/MultiReferentialInverseConstraintJob.cs: f92fcccd2f36bddb5d95a63f683dc892 -> 
  custom:scripting/monoscript/filePath//Library/PackageCache/com.unity.animation.rigging@1.2.0/Runtime/AnimationJobs/TwistChainConstraintJob.cs: 17b944834ac18fb1a6ae06405d95e386 -> 
  custom:scripting/monoscript/filePath//Library/PackageCache/com.unity.animation.rigging@1.2.0/Runtime/AnimationRig/WeightedTransform.cs: 4d01c9a4cda5bb7498f66ad98f4a88e2 -> 
  custom:scripting/monoscript/filePath//Library/PackageCache/com.unity.animation.rigging@1.2.0/Runtime/AnimationJobs/TwistCorrectionJob.cs: 708d2dd62f9d3907d519ef00155bca21 -> 
  custom:scripting/monoscript/filePath//Library/PackageCache/com.unity.animation.rigging@1.2.0/Runtime/AnimationJobs/MultiReferentialConstraintJob.cs: 2ed8cc58822c28c35ca6172e5ace5d91 -> 
  custom:scripting/monoscript/filePath//Library/PackageCache/com.unity.animation.rigging@1.2.0/Runtime/AnimationRig/Constraints/MultiParentConstraint.cs: a97c4abad4afa442db1a46fb4355ce96 -> 
  custom:scripting/monoscript/filePath//Library/PackageCache/com.unity.animation.rigging@1.2.0/Runtime/Utils/BoneRenderer.cs: 5c92002db36af20000d3be69061f8214 -> 
  custom:scripting/monoscript/filePath//Library/PackageCache/com.unity.animation.rigging@1.2.0/Runtime/Attributes/WeightRangeAttribute.cs: 4d0d3d0846ffb117b9ca7f79b1d02473 -> 
  custom:scripting/monoscript/filePath//Library/PackageCache/com.unity.animation.rigging@1.2.0/Runtime/AnimationJobs/IAnimationJobBinder.cs: 39c537df619681bb63c6ef7e0359d6ff -> 
  custom:container-muxer-webm: aa71ff27fc2769a1b78a27578f13a17b -> 
  custom:scripting/monoscript/filePath//Library/PackageCache/com.unity.animation.rigging@1.2.0/Editor/AnimationRig/Constraints/DampedTransformEditor.cs: 35628d8036ef70d02e3e627191cae69d -> 
  custom:scripting/monoscript/filePath//Library/PackageCache/com.unity.animation.rigging@1.2.0/Runtime/AnimationRig/SyncSceneToStreamLayer.cs: 958179380129536b69def1290cff77d2 -> 
  custom:scripting/monoscript/filePath//Library/PackageCache/com.unity.animation.rigging@1.2.0/Editor/AnimationRig/Constraints/ChainIKConstraintEditor.cs: 7616c4bb264ee35c0ea910203d7ebe08 -> 
  custom:scripting/monoscript/filePath//Library/PackageCache/com.unity.animation.rigging@1.2.0/Editor/InverseSolve/Constraints/MultiRotationInverseConstraint.cs: 9b411e2413b0615ada4025ad34047cc4 -> 
  custom:scripting/monoscript/filePath//Library/PackageCache/com.unity.animation.rigging@1.2.0/Editor/Utils/BakeUtils.cs: 15b00475a58152fe80c175382c7d48b0 -> 
  custom:scripting/monoscript/filePath//Library/PackageCache/com.unity.animation.rigging@1.2.0/Editor/AnimationRig/Constraints/BlendConstraintEditor.cs: 749d6d52d0c1a4570387452603428515 -> 
  custom:scripting/monoscript/filePath//Library/PackageCache/com.unity.animation.rigging@1.2.0/Runtime/AnimationJobs/TransformHandle.cs: 555b8e5bc61acd8955c38af3949856b0 -> 
  custom:video-decoder-webm-vp8: 9c59270c3fd7afecdb556c50c9e8de78 -> 
  custom:scripting/monoscript/filePath//Library/PackageCache/com.unity.animation.rigging@1.2.0/Editor/AnimationRig/RigBuilderEditor.cs: 15a0d73cdff4587f67e0cef6cd22fb62 -> 
  custom:scripting/monoscript/filePath//Library/PackageCache/com.unity.animation.rigging@1.2.0/Runtime/AnimationJobs/AnimationJobCache.cs: 862a083869a5b836b64c9f1fbdb02862 -> 
  custom:scripting/monoscript/filePath//Library/PackageCache/com.unity.animation.rigging@1.2.0/Editor/Utils/AnimationRiggingMenu.cs: 89971d640c38bb304f2689207397cf99 -> 
  custom:scripting/monoscript/filePath//Library/PackageCache/com.unity.animation.rigging@1.2.0/Runtime/AnimationRig/Constraints/TwistCorrection.cs: 36d7441060a18c6c09f3ef8e426d96fd -> 
  custom:scripting/monoscript/filePath//Library/PackageCache/com.unity.animation.rigging@1.2.0/Runtime/AnimationJobs/IWeightedAnimationJob.cs: e9426d8705d9eba4b5d350fb32a2283f -> 
  custom:scripting/monoscript/filePath//Library/PackageCache/com.unity.animation.rigging@1.2.0/Editor/AnimationRig/Constraints/TwistChainConstraintEditor.cs: 1fb29d4b74cf2103b8eb6eb8ddfe36bd -> 
  custom:scripting/monoscript/filePath//Library/PackageCache/com.unity.animation.rigging@1.2.0/Editor/Utils/Vector3BoolDrawer.cs: d1ccf237ca5f38a3ba58ce1ad3ed6cd5 -> 
  custom:scripting/monoscript/filePath//Library/PackageCache/com.unity.animation.rigging@1.2.0/Runtime/Utils/ConstraintsUtils.cs: 7d126e99ff913f01b1d5b130ebd1177f -> 
  custom:scripting/monoscript/filePath//Library/PackageCache/com.unity.animation.rigging@1.2.0/Runtime/Utils/Vector3Bool.cs: c5e3895b0b7744d9835a7e6c514711a4 -> 
  custom:AudioImporter_EditorPlatform: 3918e3fc78b5a79bad01e8451be0beb8 -> 
  custom:scripting/monoscript/filePath//Library/PackageCache/com.unity.animation.rigging@1.2.0/Runtime/AnimationJobs/BlendConstraintJob.cs: 5d18699454f73ef620139e3a85e8f984 -> 
  custom:scripting/monoscript/filePath//Library/PackageCache/com.unity.animation.rigging@1.2.0/Editor/AnimationRig/Constraints/OverrideTransformEditor.cs: bb670b6d88ba88771b5c085b34599596 -> 
  custom:scripting/monoscript/filePath//Library/PackageCache/com.unity.animation.rigging@1.2.0/Runtime/AnimationRig/Constraints/MultiAimConstraint.cs: 40f0a7fe8812ae6b194ab6f240b09256 -> 
  custom:scripting/monoscript/filePath//Library/PackageCache/com.unity.animation.rigging@1.2.0/Editor/Effectors/RigEffector.cs: 1234c3b27ee610fe3910e4e76409270e -> 
  custom:scripting/monoscript/filePath//Library/PackageCache/com.unity.animation.rigging@1.2.0/Editor/Effectors/RigEffectorRenderer.cs: a8152b45cf9f5eb7d181024392fb3864 -> 
  custom:scripting/monoscript/filePath//Library/PackageCache/com.unity.animation.rigging@1.2.0/Editor/Attributes/CustomOverlayAttribute.cs: c3428d16ca3904e5ed519a31ff2fecec -> 
  custom:scripting/monoscript/filePath//Library/PackageCache/com.unity.animation.rigging@1.2.0/Runtime/AnimationRig/RigTransform.cs: 46ad188e16e2e1124f5ae2aaa9713a08 -> 
  custom:scripting/monoscript/filePath//Library/PackageCache/com.unity.animation.rigging@1.2.0/Editor/InverseSolve/Constraints/MultiAimInverseConstraint.cs: e5234e128c3c1445a212016a1da0d76d -> 
  custom:scripting/precompiled-assembly-types:Unity.Animation.Rigging.Editor: b5bd3e86d722288c0e9fc6ad5ea4acc4 -> 
  custom:scripting/monoscript/filePath//Library/PackageCache/com.unity.animation.rigging@1.2.0/Runtime/AnimationRig/RigBuilderUtils.cs: 91804b59e03e1179285d950c0ecb10f3 -> 
  custom:scripting/monoscript/filePath//Library/PackageCache/com.unity.animation.rigging@1.2.0/Editor/InverseSolve/AnimationJobs/TwoBoneIKInverseConstraintJob.cs: d028d46e1c6ed3bf33909cc9ca9a8b56 -> 
  custom:scripting/monoscript/filePath//Library/PackageCache/com.unity.animation.rigging@1.2.0/Runtime/AnimationJobs/DampedTransformJob.cs: 2f41321c402d056b7cb6119d08d73363 -> 
  custom:scripting/monoscript/filePath//Library/PackageCache/com.unity.animation.rigging@1.2.0/Runtime/AnimationJobs/RigSyncSceneToStreamJob.cs: ace2b1815fb503e66582cbab34edc415 -> 
  custom:scripting/monoscript/filePath//Library/PackageCache/com.unity.animation.rigging@1.2.0/Editor/AnimationRig/RigTransformEditor.cs: 7be50ad6df7248da7652fb34d8ad957e -> 
  custom:scripting/monoscript/filePath//Library/PackageCache/com.unity.animation.rigging@1.2.0/Runtime/AnimationRig/IRigConstraint.cs: 84a4bdcd031f4c9f1684492b6bcc0481 -> 
  custom:framework-osx-AVFoundation: e770b220cccbd017edd2c1fefb359320 -> 
  custom:scripting/monoscript/filePath//Library/PackageCache/com.unity.animation.rigging@1.2.0/Editor/Utils/FoldoutState.cs: 76c775389631d6b8123ca9041a2bed8e -> 
  custom:scripting/monoscript/filePath//Library/PackageCache/com.unity.animation.rigging@1.2.0/Editor/InverseSolve/Constraints/TwoBoneIKInverseConstraint.cs: efe9552620ac436fd8dca8f777d9909e -> 
  custom:scripting/monoscript/filePath//Library/PackageCache/com.unity.animation.rigging@1.2.0/Runtime/AnimationRig/RigUtils.cs: d13aaff5bd3a78bade422de6b0f45510 -> 
  custom:scripting/monoscript/filePath//Library/PackageCache/com.unity.animation.rigging@1.2.0/Editor/Utils/Preferences.cs: debb51bc37c8892c58fc4cfc4767d47a -> 
  custom:video-encoder-webm-vp8: eb34c28f22e8b96e1ab97ce403110664 -> 
  custom:audio-decoder-ogg-vorbis: bf7c407c2cedff20999df2af8eb42d56 -> 
  custom:scripting/monoscript/filePath//Library/PackageCache/com.unity.animation.rigging@1.2.0/DocCodeExamples/CustomPlayableGraphEvaluator.cs: eb610054d0643e120e2e2ef575717ad6 -> 
  custom:scripting/monoscript/filePath//Library/PackageCache/com.unity.animation.rigging@1.2.0/Editor/AnimationRig/RigEditor.cs: b978a72e82eab2ae19c54b5e0b706941 -> 
  custom:scripting/monoscript/filePath//Library/PackageCache/com.unity.animation.rigging@1.2.0/Runtime/AnimationRig/Constraints/MultiReferentialConstraint.cs: 3ce528f2257ab1c9e4d53949a0498942 -> 
  custom:scripting/monoscript/filePath//Library/PackageCache/com.unity.animation.rigging@1.2.0/Runtime/AnimationJobs/OverrideTransformJob.cs: f957a7453e40cd53f42e8ff8ab06d370 -> 
  custom:scripting/monoscript/filePath//Library/PackageCache/com.unity.animation.rigging@1.2.0/Editor/Utils/AnimationWindowUtils.cs: 1020c11312fc279df2c8da8c15cf6b94 -> 
  custom:scripting/monoscript/filePath//Library/PackageCache/com.unity.animation.rigging@1.2.0/Runtime/Attributes/ExpandChildrenAttribute.cs: 2a4084c6a2085a51764a849b54fddb71 -> 
  custom:scripting/monoscript/filePath//Library/PackageCache/com.unity.animation.rigging@1.2.0/Editor/Utils/EditorCurveBindingUtils.cs: e72f2fa8a30ad3678a5582610ee7a1de -> 
  custom:scripting/monoscript/filePath//Library/PackageCache/com.unity.animation.rigging@1.2.0/Editor/Utils/CommonContent.cs: b7adae4581fd541588657d1346d3be1d -> 
  custom:scripting/monoscript/filePath//Library/PackageCache/com.unity.animation.rigging@1.2.0/Runtime/AnimationRig/Constraints/OverrideTransform.cs: 802a2b781612290c4483b09209366352 -> 
  custom:scripting/monoscript/filePath//Library/PackageCache/com.unity.animation.rigging@1.2.0/Runtime/AnimationRig/Constraints/TwoBoneIKConstraint.cs: 489864fc6db78a8e02bf4b56c2f92b2d -> 
  custom:scripting/monoscript/filePath//Library/PackageCache/com.unity.animation.rigging@1.2.0/Runtime/AnimationRig/WeightedTransformArray.cs: 31a3d5916ae27aadcda13625ad0a60fb -> 
  custom:scripting/monoscript/filePath//Library/PackageCache/com.unity.animation.rigging@1.2.0/Editor/AnimationRig/Constraints/MultiAimConstraintEditor.cs: 17d29cd09c944a55f45453d6fecff7c7 -> 
  custom:scripting/monoscript/filePath//Library/PackageCache/com.unity.animation.rigging@1.2.0/Editor/Attributes/BakeParametersAttribute.cs: c5d21442914a8cb81a184e3b8de3c0a5 -> 
  custom:scripting/monoscript/filePath//Library/PackageCache/com.unity.animation.rigging@1.2.0/Editor/AnimationRig/RigLayerDrawer.cs: 31014ac2c2a42cbea53a8cb84b4dfd0c -> 
  custom:scripting/monoscript/filePath//Library/PackageCache/com.unity.animation.rigging@1.2.0/Editor/AnimationRig/Constraints/TwoBoneIKConstraintEditor.cs: 5fcf8f44736900267645b8a85f5a824b -> 
  custom:audio-encoder-webm-vorbis: bf7c407c2cedff20999df2af8eb42d56 -> 
  custom:scripting/monoscript/filePath//Library/PackageCache/com.unity.animation.rigging@1.2.0/Editor/AnimationRig/Constraints/MultiPositionConstraintEditor.cs: 7837c5425b7ae7721cd168a612d66e43 -> 
  custom:scripting/monoscript/filePath//Library/PackageCache/com.unity.animation.rigging@1.2.0/Runtime/AnimationRig/Constraints/BlendConstraint.cs: f650604f3441ed93556e09b23127596b -> 
  custom:scripting/monoscript/filePath//Library/PackageCache/com.unity.animation.rigging@1.2.0/Editor/AnimationRig/WeightedTransformDrawer.cs: c51522b9ec1eae0829bba61db165d7a7 -> 
  custom:scripting/monoscript/filePath//Library/PackageCache/com.unity.animation.rigging@1.2.0/Editor/AnimationRig/Constraints/MultiRotationConstraintEditor.cs: deb86206d6280049912f0cb4c7cb46db -> 
  custom:scripting/monoscript/filePath//Library/PackageCache/com.unity.animation.rigging@1.2.0/DocCodeExamples/CustomRigBuilderEvaluator.cs: 51bbc5fb5a60ece7045b415407da618f -> 
  custom:scripting/monoscript/filePath//Library/PackageCache/com.unity.animation.rigging@1.2.0/Editor/Utils/AnimationRiggingContextMenus.cs: 00358c5890d2dd50e28bbfbc53550aed -> 
  custom:scripting/monoscript/filePath//Library/PackageCache/com.unity.animation.rigging@1.2.0/Runtime/AnimationRig/Constraints/ChainIKConstraint.cs: c412ebb5986953c0ae76c0f386ef58d4 -> 
  custom:scripting/precompiled-assembly-types:Unity.Animation.Rigging: 1409ea8baafa1bd80f3d4ffc82331e40 -> 
  custom:scripting/monoscript/filePath//Library/PackageCache/com.unity.animation.rigging@1.2.0/Editor/Effectors/IRigEffector.cs: a19b93d23b4b08747ca5ac74e375e36a -> 
  custom:scripting/monoscript/filePath//Library/PackageCache/com.unity.animation.rigging@1.2.0/Editor/InverseSolve/Constraints/MultiParentInverseConstraint.cs: d7ada639133061394e75b226567009d9 -> 
  custom:scripting/monoscript/filePath//Library/PackageCache/com.unity.animation.rigging@1.2.0/Editor/AnimationRig/WeightedTransformArrayDrawer.cs: 1e7132c4794a4a4133ddd791de9ef778 -> 
  custom:scripting/monoscript/filePath//Library/PackageCache/com.unity.animation.rigging@1.2.0/Runtime/AnimationRig/Constraints/DampedTransform.cs: 4cc238c140aeea6fc021d4e80abb45ef -> 
  custom:scripting/monoscript/filePath//Library/PackageCache/com.unity.animation.rigging@1.2.0/Editor/Utils/AnimationRiggingEditorUtils.cs: 93f4fc7020c65c7a8f9da99dfb56b67e -> 
========================================================================
Received Prepare
Registering precompiled user dll's ...
Registered in 0.001539 seconds.
Begin MonoManager ReloadAssembly
Thread 0x16e173000 may have been prematurely finalized
Symbol file LoadedFromMemory doesn't match image /Users/muyuli/Workspace/FeatureUnity/Library/PackageCache/com.unity.visualscripting@1.7.8/Editor/VisualScripting.Core/Dependencies/YamlDotNet/Unity.VisualScripting.YamlDotNet.dll
Symbol file LoadedFromMemory doesn't match image /Users/muyuli/Workspace/FeatureUnity/Library/PackageCache/com.unity.visualscripting@1.7.8/Editor/VisualScripting.Core/Dependencies/DotNetZip/Unity.VisualScripting.IonicZip.dll
- Loaded All Assemblies, in  0.257 seconds
Refreshing native plugins compatible for Editor in 1.10 ms, found 2 plugins.
Native extension for OSXStandalone target not found
Mono: successfully reloaded assembly
- Finished resetting the current domain, in  0.691 seconds
Domain Reload Profiling: 948ms
	BeginReloadAssembly (79ms)
		ExecutionOrderSort (0ms)
		DisableScriptedObjects (3ms)
		BackupInstance (0ms)
		ReleaseScriptingObjects (0ms)
		CreateAndSetChildDomain (29ms)
	RebuildCommonClasses (20ms)
	RebuildNativeTypeToScriptingClass (7ms)
	initialDomainReloadingComplete (15ms)
	LoadAllAssembliesAndSetupDomain (136ms)
		LoadAssemblies (35ms)
		RebuildTransferFunctionScriptingTraits (0ms)
		AnalyzeDomain (124ms)
			TypeCache.Refresh (1ms)
				TypeCache.ScanAssembly (0ms)
			ScanForSourceGeneratedMonoScriptInfo (117ms)
			ResolveRequiredComponents (7ms)
	FinalizeReload (691ms)
		ReleaseScriptCaches (0ms)
		RebuildScriptCaches (0ms)
		SetupLoadedEditorAssemblies (191ms)
			LogAssemblyErrors (0ms)
			InitializePlatformSupportModulesInManaged (5ms)
			SetLoadedEditorAssemblies (4ms)
			RefreshPlugins (0ms)
			BeforeProcessingInitializeOnLoad (34ms)
			ProcessInitializeOnLoadAttributes (114ms)
			ProcessInitializeOnLoadMethodAttributes (32ms)
			AfterProcessingInitializeOnLoad (1ms)
			EditorAssembliesLoaded (0ms)
		ExecutionOrderSort2 (0ms)
		AwakeInstancesAfterBackupRestoration (6ms)
Refreshing native plugins compatible for Editor in 1.20 ms, found 2 plugins.
Preloading 0 native plugins for Editor in 0.00 ms.
Unloading 5158 Unused Serialized files (Serialized files now loaded: 0)
Unloading 29 unused Assets / (384.9 KB). Loaded Objects now: 5766.
Memory consumption went from 0.89 GB to 0.89 GB.
Total: 2.989666 ms (FindLiveObjects: 0.202916 ms CreateObjectMapping: 0.105542 ms MarkObjects: 2.549250 ms  DeleteObjects: 0.131375 ms)

AssetImportParameters requested are different than current active one (requested -> active):
  custom:scripting/monoscript/filePath//Library/PackageCache/com.unity.animation.rigging@1.2.0/Editor/AnimationRig/Constraints/TwistCorrectionEditor.cs: 7463cf5df88b048f71c8c6201672a5d5 -> 
  custom:scripting/monoscript/filePath//Library/PackageCache/com.unity.animation.rigging@1.2.0/Runtime/AnimationJobs/MultiRotationConstraintJob.cs: 4892cdb5203acc5f85d381d1149848f5 -> 
  custom:scripting/monoscript/filePath//Library/PackageCache/com.unity.animation.rigging@1.2.0/Editor/InverseSolve/AnimationJobs/TwistChainInverseConstraintJob.cs: eca42fc55f301dea140c185c8cfd9abf -> 
  custom:scripting/monoscript/filePath//Library/PackageCache/com.unity.animation.rigging@1.2.0/Runtime/Attributes/SyncSceneToStreamAttribute.cs: c0e1d6940744b58b9a33b8d78f264a67 -> 
  custom:scripting/monoscript/filePath//Library/PackageCache/com.unity.animation.rigging@1.2.0/Runtime/AnimationJobs/TwoBoneIKConstraintJob.cs: 7071c6925602f7341047b2e3e75fe44c -> 
  custom:scripting/monoscript/filePath//Library/PackageCache/com.unity.animation.rigging@1.2.0/Editor/Effectors/IRigEffectorOverlay.cs: 94e2d94978e81ca4c2ffab598ea01c89 -> 
  custom:scripting/monoscript/filePath//Library/PackageCache/com.unity.animation.rigging@1.2.0/Runtime/AnimationJobs/IAnimatableProperty.cs: 2d55a7eb1f96e62a737c5e7e09f6ebb4 -> 
  custom:container-demuxer-ogg: 62fdf1f143b41e24485cea50d1cbac27 -> 
  custom:scripting/monoscript/filePath//Library/PackageCache/com.unity.animation.rigging@1.2.0/Editor/InverseSolve/Constraints/MultiPositionInverseConstraint.cs: 42bf5df71705c02c369b87092141ac46 -> 
  custom:scripting/monoscript/filePath//Library/PackageCache/com.unity.animation.rigging@1.2.0/Runtime/AnimationRig/IRigLayer.cs: ac595941999004492593dc6bcd0d3d9f -> 
  custom:scripting/monoscript/filePath//Library/PackageCache/com.unity.animation.rigging@1.2.0/Editor/Utils/BoneRendererUtils.cs: e9554f5eef6a405d4620139e922988c2 -> 
  custom:scripting/monoscript/filePath//Library/PackageCache/com.unity.animation.rigging@1.2.0/Editor/Effectors/RigEffectorWizard.cs: fb573e038815d82adcab7e2c98b9eadc -> 
  custom:scripting/monoscript/filePath//Library/PackageCache/com.unity.animation.rigging@1.2.0/Runtime/AnimationRig/OverrideRigConstraint.cs: 84bb306cbf511661a4448f64bcc796a6 -> 
  custom:scripting/monoscript/filePath//Library/PackageCache/com.unity.animation.rigging@1.2.0/Runtime/AnimationRig/Constraints/MultiRotationConstraint.cs: 4fcd0fd9770efcccc5f6c8e091f9cce4 -> 
  custom:scripting/monoscript/filePath//Library/PackageCache/com.unity.animation.rigging@1.2.0/Runtime/AnimationJobs/IAnimationJobData.cs: 580dd6d5c848437c06654b52687029e2 -> 
  custom:scripting/monoscript/filePath//Library/PackageCache/com.unity.animation.rigging@1.2.0/Runtime/Effectors/IRigEffectorHolder.cs: 30d36831504d1a76da48c5bf48275153 -> 
  custom:scripting/monoscript/filePath//Library/PackageCache/com.unity.animation.rigging@1.2.0/Runtime/Utils/AnimationRuntimeUtils.cs: 6aac5c81e5303a87e314eb41d33757cb -> 
  custom:scripting/monoscript/filePath//Library/PackageCache/com.unity.animation.rigging@1.2.0/Runtime/AnimationJobs/ChainIKConstraintJob.cs: d8a3e81e7e49877c3dc3686a27610ee9 -> 
  custom:scripting/monoscript/filePath//Library/PackageCache/com.unity.animation.rigging@1.2.0/Runtime/AnimationRig/Constraints/MultiPositionConstraint.cs: bb93caa2a503bf35848b855eb8c5ac23 -> 
  custom:scripting/monoscript/filePath//Library/PackageCache/com.unity.animation.rigging@1.2.0/Runtime/AnimationJobs/WeightedTransformArrayBinder.cs: f2e7caf9414ee23f44573af8b6f4ea3c -> 
  custom:video-decoder-ogg-theora: a1e56fd34408186e4bbccfd4996cb3dc -> 
  custom:scripting/monoscript/filePath//Library/PackageCache/com.unity.animation.rigging@1.2.0/Editor/InverseSolve/Constraints/MultiReferentialInverseConstraint.cs: e80a38a8cf7c7100a770715dfdc6b0e3 -> 
  custom:scripting/monoscript/filePath//Library/PackageCache/com.unity.animation.rigging@1.2.0/Editor/InverseSolve/Constraints/TwistChainInverseConstraint.cs: 07e494a5bb7370efcf58816ee92e66c6 -> 
  custom:scripting/monoscript/filePath//Library/PackageCache/com.unity.animation.rigging@1.2.0/Runtime/AnimationRig/RigBuilder.cs: 794627474e6eb4d6dfd5d5949abb5f1a -> 
  custom:scripting/monoscript/filePath//Library/PackageCache/com.unity.animation.rigging@1.2.0/Runtime/Utils/QuaternionExt.cs: af8ecc2a8d7ae1034e38627ef724b95f -> 
  custom:scripting/precompiled-assembly-types:Unity.Animation.Rigging.DocCodeExamples: 4d144fbef6ff21b79e5fdb0f4e49e17d -> 
  custom:scripting/monoscript/filePath//Library/PackageCache/com.unity.animation.rigging@1.2.0/Runtime/AnimationJobs/MultiParentConstraintJob.cs: 9c789ec4211c26efda882036d4be9161 -> 
  custom:scripting/monoscript/filePath//Library/PackageCache/com.unity.animation.rigging@1.2.0/Runtime/AnimationRig/RigConstraint.cs: 39f26fac2c6a6be80891f9f1da862107 -> 
  custom:scripting/monoscript/filePath//Library/PackageCache/com.unity.animation.rigging@1.2.0/Editor/Utils/EditorHelpers.cs: fe23a57478237444b2eac7010e65d0b0 -> 
  custom:scripting/monoscript/filePath//Library/PackageCache/com.unity.animation.rigging@1.2.0/Editor/Utils/BoneRendererEditor.cs: ec15f4360092c64e9625458433e4db5a -> 
  custom:scripting/monoscript/filePath//Library/PackageCache/com.unity.animation.rigging@1.2.0/Editor/InverseSolve/AnimationJobs/MultiAimInverseConstraintJob.cs: 1ef6a6d4892255fce7cd4b6446624919 -> 
  custom:scripting/monoscript/filePath//Library/PackageCache/com.unity.animation.rigging@1.2.0/Editor/Attributes/InverseRigConstraintAttribute.cs: f19dfcee963090d262674cd0f5308a07 -> 
  custom:scripting/monoscript/filePath//Library/PackageCache/com.unity.animation.rigging@1.2.0/Runtime/AnimationJobs/MultiAimConstraintJob.cs: 71b4ae871c19bcb1aff7286bb444219d -> 
  custom:scripting/monoscript/filePath//Library/PackageCache/com.unity.animation.rigging@1.2.0/Editor/InverseSolve/AnimationJobs/MultiPositionInverseConstraintJob.cs: 497974373f4d93f4032e5d61b356cf44 -> 
  custom:scripting/monoscript/filePath//Library/PackageCache/com.unity.animation.rigging@1.2.0/Runtime/AnimationRig/Rig.cs: 9c26e30c125234df4097cf7e4c3eee3f -> 
  custom:scripting/monoscript/filePath//Library/PackageCache/com.unity.animation.rigging@1.2.0/Editor/AnimationRig/Constraints/MultiParentConstraintEditor.cs: b36c6d523c6cb395d11176765703787e -> 
  custom:scripting/monoscript/filePath//Library/PackageCache/com.unity.animation.rigging@1.2.0/Editor/InverseSolve/AnimationJobs/MultiRotationInverseConstraintJob.cs: d5c6e63c958d5340fda3c05f561d722a -> 
  custom:scripting/monoscript/filePath//Library/PackageCache/com.unity.animation.rigging@1.2.0/Editor/Utils/ExpandChildrenDrawer.cs: 8add63fbc0965d9cd641d73c94a81076 -> 
  custom:scripting/monoscript/filePath//Library/PackageCache/com.unity.animation.rigging@1.2.0/Runtime/AnimationRig/Constraints/TwistChainConstraint.cs: 99e4927b180be80c18a4afa862ca7309 -> 
  custom:scripting/monoscript/filePath//Library/PackageCache/com.unity.animation.rigging@1.2.0/Editor/AnimationRig/Constraints/MultiReferentialConstraintEditor.cs: 3d69b2a59d778aaad6b03e1cd60593e1 -> 
  custom:scripting/monoscript/filePath//Library/PackageCache/com.unity.animation.rigging@1.2.0/Runtime/Utils/AffineTransform.cs: f1e9e2f860aedc7731d251c9e4cfb8f6 -> 
  custom:container-demuxer-webm: 4f35f7cbe854078d1ac9338744f61a02 -> 
  custom:scripting/monoscript/filePath//Library/PackageCache/com.unity.animation.rigging@1.2.0/Editor/Effectors/RigEffectorOverlay.cs: ab61deca634ab41a90f42a849034e294 -> 
  custom:scripting/monoscript/filePath//Library/PackageCache/com.unity.animation.rigging@1.2.0/Runtime/AnimationRig/RigLayer.cs: c22e7652bcca00c2a1b8a65b3a733c8d -> 
  custom:scripting/monoscript/filePath//Library/PackageCache/com.unity.animation.rigging@1.2.0/Editor/InverseSolve/AnimationJobs/MultiParentInverseConstraintJob.cs: fc25512c1af03030b362d5ae934490a4 -> 
  custom:scripting/monoscript/filePath//Library/PackageCache/com.unity.animation.rigging@1.2.0/Runtime/Effectors/RigEffectorData.cs: 4ffb2931959350a3f5cc29ec5c60f8ce -> 
  custom:scripting/monoscript/filePath//Library/PackageCache/com.unity.animation.rigging@1.2.0/Runtime/AnimationJobs/MultiPositionConstraintJob.cs: 5052af60070b482df4304bba2414e64d -> 
  custom:scripting/monoscript/filePath//Library/PackageCache/com.unity.animation.rigging@1.2.0/Runtime/AnimationRig/OverrideRigLayer.cs: f1f25a37edd31551af34d38e06a731d8 -> 
  custom:scripting/monoscript/filePath//Library/PackageCache/com.unity.animation.rigging@1.2.0/Editor/InverseSolve/AnimationJobs/MultiReferentialInverseConstraintJob.cs: f92fcccd2f36bddb5d95a63f683dc892 -> 
  custom:scripting/monoscript/filePath//Library/PackageCache/com.unity.animation.rigging@1.2.0/Runtime/AnimationJobs/TwistChainConstraintJob.cs: 17b944834ac18fb1a6ae06405d95e386 -> 
  custom:scripting/monoscript/filePath//Library/PackageCache/com.unity.animation.rigging@1.2.0/Runtime/AnimationRig/WeightedTransform.cs: 4d01c9a4cda5bb7498f66ad98f4a88e2 -> 
  custom:scripting/monoscript/filePath//Library/PackageCache/com.unity.animation.rigging@1.2.0/Runtime/AnimationJobs/TwistCorrectionJob.cs: 708d2dd62f9d3907d519ef00155bca21 -> 
  custom:scripting/monoscript/filePath//Library/PackageCache/com.unity.animation.rigging@1.2.0/Runtime/AnimationJobs/MultiReferentialConstraintJob.cs: 2ed8cc58822c28c35ca6172e5ace5d91 -> 
  custom:scripting/monoscript/filePath//Library/PackageCache/com.unity.animation.rigging@1.2.0/Runtime/AnimationRig/Constraints/MultiParentConstraint.cs: a97c4abad4afa442db1a46fb4355ce96 -> 
  custom:scripting/monoscript/filePath//Library/PackageCache/com.unity.animation.rigging@1.2.0/Runtime/Utils/BoneRenderer.cs: 5c92002db36af20000d3be69061f8214 -> 
  custom:scripting/monoscript/filePath//Library/PackageCache/com.unity.animation.rigging@1.2.0/Runtime/Attributes/WeightRangeAttribute.cs: 4d0d3d0846ffb117b9ca7f79b1d02473 -> 
  custom:scripting/monoscript/filePath//Library/PackageCache/com.unity.animation.rigging@1.2.0/Runtime/AnimationJobs/IAnimationJobBinder.cs: 39c537df619681bb63c6ef7e0359d6ff -> 
  custom:container-muxer-webm: aa71ff27fc2769a1b78a27578f13a17b -> 
  custom:scripting/monoscript/filePath//Library/PackageCache/com.unity.animation.rigging@1.2.0/Editor/AnimationRig/Constraints/DampedTransformEditor.cs: 35628d8036ef70d02e3e627191cae69d -> 
  custom:scripting/monoscript/filePath//Library/PackageCache/com.unity.animation.rigging@1.2.0/Runtime/AnimationRig/SyncSceneToStreamLayer.cs: 958179380129536b69def1290cff77d2 -> 
  custom:scripting/monoscript/filePath//Library/PackageCache/com.unity.animation.rigging@1.2.0/Editor/AnimationRig/Constraints/ChainIKConstraintEditor.cs: 7616c4bb264ee35c0ea910203d7ebe08 -> 
  custom:scripting/monoscript/filePath//Library/PackageCache/com.unity.animation.rigging@1.2.0/Editor/InverseSolve/Constraints/MultiRotationInverseConstraint.cs: 9b411e2413b0615ada4025ad34047cc4 -> 
  custom:scripting/monoscript/filePath//Library/PackageCache/com.unity.animation.rigging@1.2.0/Editor/Utils/BakeUtils.cs: 15b00475a58152fe80c175382c7d48b0 -> 
  custom:scripting/monoscript/filePath//Library/PackageCache/com.unity.animation.rigging@1.2.0/Editor/AnimationRig/Constraints/BlendConstraintEditor.cs: 749d6d52d0c1a4570387452603428515 -> 
  custom:scripting/monoscript/filePath//Library/PackageCache/com.unity.animation.rigging@1.2.0/Runtime/AnimationJobs/TransformHandle.cs: 555b8e5bc61acd8955c38af3949856b0 -> 
  custom:video-decoder-webm-vp8: 9c59270c3fd7afecdb556c50c9e8de78 -> 
  custom:scripting/monoscript/filePath//Library/PackageCache/com.unity.animation.rigging@1.2.0/Editor/AnimationRig/RigBuilderEditor.cs: 15a0d73cdff4587f67e0cef6cd22fb62 -> 
  custom:scripting/monoscript/filePath//Library/PackageCache/com.unity.animation.rigging@1.2.0/Runtime/AnimationJobs/AnimationJobCache.cs: 862a083869a5b836b64c9f1fbdb02862 -> 
  custom:scripting/monoscript/filePath//Library/PackageCache/com.unity.animation.rigging@1.2.0/Editor/Utils/AnimationRiggingMenu.cs: 89971d640c38bb304f2689207397cf99 -> 
  custom:scripting/monoscript/filePath//Library/PackageCache/com.unity.animation.rigging@1.2.0/Runtime/AnimationRig/Constraints/TwistCorrection.cs: 36d7441060a18c6c09f3ef8e426d96fd -> 
  custom:scripting/monoscript/filePath//Library/PackageCache/com.unity.animation.rigging@1.2.0/Runtime/AnimationJobs/IWeightedAnimationJob.cs: e9426d8705d9eba4b5d350fb32a2283f -> 
  custom:scripting/monoscript/filePath//Library/PackageCache/com.unity.animation.rigging@1.2.0/Editor/AnimationRig/Constraints/TwistChainConstraintEditor.cs: 1fb29d4b74cf2103b8eb6eb8ddfe36bd -> 
  custom:scripting/monoscript/filePath//Library/PackageCache/com.unity.animation.rigging@1.2.0/Editor/Utils/Vector3BoolDrawer.cs: d1ccf237ca5f38a3ba58ce1ad3ed6cd5 -> 
  custom:scripting/monoscript/filePath//Library/PackageCache/com.unity.animation.rigging@1.2.0/Runtime/Utils/ConstraintsUtils.cs: 7d126e99ff913f01b1d5b130ebd1177f -> 
  custom:scripting/monoscript/filePath//Library/PackageCache/com.unity.animation.rigging@1.2.0/Runtime/Utils/Vector3Bool.cs: c5e3895b0b7744d9835a7e6c514711a4 -> 
  custom:AudioImporter_EditorPlatform: 3918e3fc78b5a79bad01e8451be0beb8 -> 
  custom:scripting/monoscript/filePath//Library/PackageCache/com.unity.animation.rigging@1.2.0/Runtime/AnimationJobs/BlendConstraintJob.cs: 5d18699454f73ef620139e3a85e8f984 -> 
  custom:scripting/monoscript/filePath//Library/PackageCache/com.unity.animation.rigging@1.2.0/Editor/AnimationRig/Constraints/OverrideTransformEditor.cs: bb670b6d88ba88771b5c085b34599596 -> 
  custom:scripting/monoscript/filePath//Library/PackageCache/com.unity.animation.rigging@1.2.0/Runtime/AnimationRig/Constraints/MultiAimConstraint.cs: 40f0a7fe8812ae6b194ab6f240b09256 -> 
  custom:scripting/monoscript/filePath//Library/PackageCache/com.unity.animation.rigging@1.2.0/Editor/Effectors/RigEffector.cs: 1234c3b27ee610fe3910e4e76409270e -> 
  custom:scripting/monoscript/filePath//Library/PackageCache/com.unity.animation.rigging@1.2.0/Editor/Effectors/RigEffectorRenderer.cs: a8152b45cf9f5eb7d181024392fb3864 -> 
  custom:scripting/monoscript/filePath//Library/PackageCache/com.unity.animation.rigging@1.2.0/Editor/Attributes/CustomOverlayAttribute.cs: c3428d16ca3904e5ed519a31ff2fecec -> 
  custom:scripting/monoscript/filePath//Library/PackageCache/com.unity.animation.rigging@1.2.0/Runtime/AnimationRig/RigTransform.cs: 46ad188e16e2e1124f5ae2aaa9713a08 -> 
  custom:scripting/monoscript/filePath//Library/PackageCache/com.unity.animation.rigging@1.2.0/Editor/InverseSolve/Constraints/MultiAimInverseConstraint.cs: e5234e128c3c1445a212016a1da0d76d -> 
  custom:scripting/precompiled-assembly-types:Unity.Animation.Rigging.Editor: b5bd3e86d722288c0e9fc6ad5ea4acc4 -> 
  custom:scripting/monoscript/filePath//Library/PackageCache/com.unity.animation.rigging@1.2.0/Runtime/AnimationRig/RigBuilderUtils.cs: 91804b59e03e1179285d950c0ecb10f3 -> 
  custom:scripting/monoscript/filePath//Library/PackageCache/com.unity.animation.rigging@1.2.0/Editor/InverseSolve/AnimationJobs/TwoBoneIKInverseConstraintJob.cs: d028d46e1c6ed3bf33909cc9ca9a8b56 -> 
  custom:scripting/monoscript/filePath//Library/PackageCache/com.unity.animation.rigging@1.2.0/Runtime/AnimationJobs/DampedTransformJob.cs: 2f41321c402d056b7cb6119d08d73363 -> 
  custom:scripting/monoscript/filePath//Library/PackageCache/com.unity.animation.rigging@1.2.0/Runtime/AnimationJobs/RigSyncSceneToStreamJob.cs: ace2b1815fb503e66582cbab34edc415 -> 
  custom:scripting/monoscript/filePath//Library/PackageCache/com.unity.animation.rigging@1.2.0/Editor/AnimationRig/RigTransformEditor.cs: 7be50ad6df7248da7652fb34d8ad957e -> 
  custom:scripting/monoscript/filePath//Library/PackageCache/com.unity.animation.rigging@1.2.0/Runtime/AnimationRig/IRigConstraint.cs: 84a4bdcd031f4c9f1684492b6bcc0481 -> 
  custom:framework-osx-AVFoundation: e770b220cccbd017edd2c1fefb359320 -> 
  custom:scripting/monoscript/filePath//Library/PackageCache/com.unity.animation.rigging@1.2.0/Editor/Utils/FoldoutState.cs: 76c775389631d6b8123ca9041a2bed8e -> 
  custom:scripting/monoscript/filePath//Library/PackageCache/com.unity.animation.rigging@1.2.0/Editor/InverseSolve/Constraints/TwoBoneIKInverseConstraint.cs: efe9552620ac436fd8dca8f777d9909e -> 
  custom:scripting/monoscript/filePath//Library/PackageCache/com.unity.animation.rigging@1.2.0/Runtime/AnimationRig/RigUtils.cs: d13aaff5bd3a78bade422de6b0f45510 -> 
  custom:scripting/monoscript/filePath//Library/PackageCache/com.unity.animation.rigging@1.2.0/Editor/Utils/Preferences.cs: debb51bc37c8892c58fc4cfc4767d47a -> 
  custom:video-encoder-webm-vp8: eb34c28f22e8b96e1ab97ce403110664 -> 
  custom:audio-decoder-ogg-vorbis: bf7c407c2cedff20999df2af8eb42d56 -> 
  custom:scripting/monoscript/filePath//Library/PackageCache/com.unity.animation.rigging@1.2.0/DocCodeExamples/CustomPlayableGraphEvaluator.cs: eb610054d0643e120e2e2ef575717ad6 -> 
  custom:scripting/monoscript/filePath//Library/PackageCache/com.unity.animation.rigging@1.2.0/Editor/AnimationRig/RigEditor.cs: b978a72e82eab2ae19c54b5e0b706941 -> 
  custom:scripting/monoscript/filePath//Library/PackageCache/com.unity.animation.rigging@1.2.0/Runtime/AnimationRig/Constraints/MultiReferentialConstraint.cs: 3ce528f2257ab1c9e4d53949a0498942 -> 
  custom:scripting/monoscript/filePath//Library/PackageCache/com.unity.animation.rigging@1.2.0/Runtime/AnimationJobs/OverrideTransformJob.cs: f957a7453e40cd53f42e8ff8ab06d370 -> 
  custom:scripting/monoscript/filePath//Library/PackageCache/com.unity.animation.rigging@1.2.0/Editor/Utils/AnimationWindowUtils.cs: 1020c11312fc279df2c8da8c15cf6b94 -> 
  custom:scripting/monoscript/filePath//Library/PackageCache/com.unity.animation.rigging@1.2.0/Runtime/Attributes/ExpandChildrenAttribute.cs: 2a4084c6a2085a51764a849b54fddb71 -> 
  custom:scripting/monoscript/filePath//Library/PackageCache/com.unity.animation.rigging@1.2.0/Editor/Utils/EditorCurveBindingUtils.cs: e72f2fa8a30ad3678a5582610ee7a1de -> 
  custom:scripting/monoscript/filePath//Library/PackageCache/com.unity.animation.rigging@1.2.0/Editor/Utils/CommonContent.cs: b7adae4581fd541588657d1346d3be1d -> 
  custom:scripting/monoscript/filePath//Library/PackageCache/com.unity.animation.rigging@1.2.0/Runtime/AnimationRig/Constraints/OverrideTransform.cs: 802a2b781612290c4483b09209366352 -> 
  custom:scripting/monoscript/filePath//Library/PackageCache/com.unity.animation.rigging@1.2.0/Runtime/AnimationRig/Constraints/TwoBoneIKConstraint.cs: 489864fc6db78a8e02bf4b56c2f92b2d -> 
  custom:scripting/monoscript/filePath//Library/PackageCache/com.unity.animation.rigging@1.2.0/Runtime/AnimationRig/WeightedTransformArray.cs: 31a3d5916ae27aadcda13625ad0a60fb -> 
  custom:scripting/monoscript/filePath//Library/PackageCache/com.unity.animation.rigging@1.2.0/Editor/AnimationRig/Constraints/MultiAimConstraintEditor.cs: 17d29cd09c944a55f45453d6fecff7c7 -> 
  custom:scripting/monoscript/filePath//Library/PackageCache/com.unity.animation.rigging@1.2.0/Editor/Attributes/BakeParametersAttribute.cs: c5d21442914a8cb81a184e3b8de3c0a5 -> 
  custom:scripting/monoscript/filePath//Library/PackageCache/com.unity.animation.rigging@1.2.0/Editor/AnimationRig/RigLayerDrawer.cs: 31014ac2c2a42cbea53a8cb84b4dfd0c -> 
  custom:scripting/monoscript/filePath//Library/PackageCache/com.unity.animation.rigging@1.2.0/Editor/AnimationRig/Constraints/TwoBoneIKConstraintEditor.cs: 5fcf8f44736900267645b8a85f5a824b -> 
  custom:audio-encoder-webm-vorbis: bf7c407c2cedff20999df2af8eb42d56 -> 
  custom:scripting/monoscript/filePath//Library/PackageCache/com.unity.animation.rigging@1.2.0/Editor/AnimationRig/Constraints/MultiPositionConstraintEditor.cs: 7837c5425b7ae7721cd168a612d66e43 -> 
  custom:scripting/monoscript/filePath//Library/PackageCache/com.unity.animation.rigging@1.2.0/Runtime/AnimationRig/Constraints/BlendConstraint.cs: f650604f3441ed93556e09b23127596b -> 
  custom:scripting/monoscript/filePath//Library/PackageCache/com.unity.animation.rigging@1.2.0/Editor/AnimationRig/WeightedTransformDrawer.cs: c51522b9ec1eae0829bba61db165d7a7 -> 
  custom:scripting/monoscript/filePath//Library/PackageCache/com.unity.animation.rigging@1.2.0/Editor/AnimationRig/Constraints/MultiRotationConstraintEditor.cs: deb86206d6280049912f0cb4c7cb46db -> 
  custom:scripting/monoscript/filePath//Library/PackageCache/com.unity.animation.rigging@1.2.0/DocCodeExamples/CustomRigBuilderEvaluator.cs: 51bbc5fb5a60ece7045b415407da618f -> 
  custom:scripting/monoscript/filePath//Library/PackageCache/com.unity.animation.rigging@1.2.0/Editor/Utils/AnimationRiggingContextMenus.cs: 00358c5890d2dd50e28bbfbc53550aed -> 
  custom:scripting/monoscript/filePath//Library/PackageCache/com.unity.animation.rigging@1.2.0/Runtime/AnimationRig/Constraints/ChainIKConstraint.cs: c412ebb5986953c0ae76c0f386ef58d4 -> 
  custom:scripting/precompiled-assembly-types:Unity.Animation.Rigging: 1409ea8baafa1bd80f3d4ffc82331e40 -> 
  custom:scripting/monoscript/filePath//Library/PackageCache/com.unity.animation.rigging@1.2.0/Editor/Effectors/IRigEffector.cs: a19b93d23b4b08747ca5ac74e375e36a -> 
  custom:scripting/monoscript/filePath//Library/PackageCache/com.unity.animation.rigging@1.2.0/Editor/InverseSolve/Constraints/MultiParentInverseConstraint.cs: d7ada639133061394e75b226567009d9 -> 
  custom:scripting/monoscript/filePath//Library/PackageCache/com.unity.animation.rigging@1.2.0/Editor/AnimationRig/WeightedTransformArrayDrawer.cs: 1e7132c4794a4a4133ddd791de9ef778 -> 
  custom:scripting/monoscript/filePath//Library/PackageCache/com.unity.animation.rigging@1.2.0/Runtime/AnimationRig/Constraints/DampedTransform.cs: 4cc238c140aeea6fc021d4e80abb45ef -> 
  custom:scripting/monoscript/filePath//Library/PackageCache/com.unity.animation.rigging@1.2.0/Editor/Utils/AnimationRiggingEditorUtils.cs: 93f4fc7020c65c7a8f9da99dfb56b67e -> 
